Summary of work performed

1) Initial compilation check (run_github_action #1)
- I ran the workflow build.yml (compile-only).
- Outcome: build failed.
- Root errors from the log:
  - src/main/java/com/java_template/application/controller/HackerNewsItemController.java: import javax.validation.Valid; -> package javax.validation does not exist
  - src/main/java/com/java_template/application/controller/ImportJobController.java: import javax.validation.Valid; -> package javax.validation does not exist

Cause: Project is targeting Jakarta / Java 21 / Spring Boot 3, so the validation API package is jakarta.validation (not javax.validation). The compiler (JDK 21) cannot find javax.validation.

2) Fixes applied
- Modified two controller source files to use Jakarta Validation:
  - src/main/java/com/java_template/application/controller/HackerNewsItemController.java
    - Replaced: import javax.validation.Valid;
    - With:    import jakarta.validation.Valid;
  - src/main/java/com/java_template/application/controller/ImportJobController.java
    - Replaced: import javax.validation.Valid;
    - With:    import jakarta.validation.Valid;

(These replaced the files in the repository; the rest of the source code was left unchanged.)

3) Re-run compilation check (run_github_action #2)
- I ran the workflow again to verify the fixes.
- Outcome: BUILD SUCCESSFUL (compilation completed with no errors).
- Relevant workflow log lines:
  - "BUILD SUCCESSFUL in 19s"
  - "::notice::✅ Compilation successful - no errors found"
  - Summary step shows: "✅ Success" and "✅ All Java files compiled successfully - No compilation errors found!"

Reporting against the task checklist
- Called run_github_action with successful compilation output: ✅ (final run succeeded)
- Applied necessary fixes to Java 21 / Spring Boot 3 files: ✅ (replaced javax.validation import with jakarta.validation in the two controllers)
- Number of run_github_action calls used: 2 (within allowed maximum of 3) ✅

If you'd like:
- I can create a concise commit/PR message with the two changed files.
- Or run additional checks (tests, full build) if you want beyond compile-only.